Build started 16.08.2017 22:06:43.
     1>Project "E:\Projects\Kernighan\Kernighan_5_19\Kernighan_5_19\Kernighan_5_19.vcxproj" on node 2 (Build target(s)).
     1>ClCompile:
         C:\Program Files (x86)\Microsoft Visual Studio 12.0\VC\bin\CL.exe /c /ZI /nologo /W3 /WX- /Od /Oy- /D WIN32 /D _DEBUG /D _CONSOLE /D _LIB /D _UNICODE /D UNICODE /Gm /EHsc /RTC1 /MDd /GS /fp:precise /Zc:wchar_t /Zc:forScope /Fo"Debug\\" /Fd"Debug\vc120.pdb" /Gd /TP /analyze- /errorReport:prompt Kernighan_5_19.cpp
         Kernighan_5_19.cpp
     1>e:\projects\kernighan\kernighan_5_19\kernighan_5_19\kernighan_5_19.cpp(20): warning C4996: 'strcpy': This function or variable may be unsafe. Consider using strcpy_s instead. To disable deprecation, use _CRT_SECURE_NO_WARNINGS. See online help for details.
                 c:\program files (x86)\microsoft visual studio 12.0\vc\include\string.h(112) : see declaration of 'strcpy'
     1>e:\projects\kernighan\kernighan_5_19\kernighan_5_19\kernighan_5_19.cpp(24): warning C4996: 'strcat': This function or variable may be unsafe. Consider using strcat_s instead. To disable deprecation, use _CRT_SECURE_NO_WARNINGS. See online help for details.
                 c:\program files (x86)\microsoft visual studio 12.0\vc\include\string.h(118) : see declaration of 'strcat'
     1>e:\projects\kernighan\kernighan_5_19\kernighan_5_19\kernighan_5_19.cpp(27): warning C4996: 'sprintf': This function or variable may be unsafe. Consider using sprintf_s instead. To disable deprecation, use _CRT_SECURE_NO_WARNINGS. See online help for details.
                 c:\program files (x86)\microsoft visual studio 12.0\vc\include\stdio.h(356) : see declaration of 'sprintf'
     1>e:\projects\kernighan\kernighan_5_19\kernighan_5_19\kernighan_5_19.cpp(28): warning C4996: 'strcpy': This function or variable may be unsafe. Consider using strcpy_s instead. To disable deprecation, use _CRT_SECURE_NO_WARNINGS. See online help for details.
                 c:\program files (x86)\microsoft visual studio 12.0\vc\include\string.h(112) : see declaration of 'strcpy'
     1>e:\projects\kernighan\kernighan_5_19\kernighan_5_19\kernighan_5_19.cpp(32): warning C4996: 'sprintf': This function or variable may be unsafe. Consider using sprintf_s instead. To disable deprecation, use _CRT_SECURE_NO_WARNINGS. See online help for details.
                 c:\program files (x86)\microsoft visual studio 12.0\vc\include\stdio.h(356) : see declaration of 'sprintf'
     1>e:\projects\kernighan\kernighan_5_19\kernighan_5_19\kernighan_5_19.cpp(33): warning C4996: 'strcpy': This function or variable may be unsafe. Consider using strcpy_s instead. To disable deprecation, use _CRT_SECURE_NO_WARNINGS. See online help for details.
                 c:\program files (x86)\microsoft visual studio 12.0\vc\include\string.h(112) : see declaration of 'strcpy'
     1>e:\projects\kernighan\kernighan_5_19\kernighan_5_19\kernighan_5_19.cpp(16): warning C4101: 'type' : unreferenced local variable
     1>e:\projects\kernighan\kernighan_5_19\kernighan_5_19\kernighan_5_19.cpp(60): warning C4996: 'strcpy': This function or variable may be unsafe. Consider using strcpy_s instead. To disable deprecation, use _CRT_SECURE_NO_WARNINGS. See online help for details.
                 c:\program files (x86)\microsoft visual studio 12.0\vc\include\string.h(112) : see declaration of 'strcpy'
       Link:
         C:\Program Files (x86)\Microsoft Visual Studio 12.0\VC\bin\link.exe /ERRORREPORT:PROMPT /OUT:"E:\Projects\Kernighan\Kernighan_5_19\Debug\Kernighan_5_19.exe" /INCREMENTAL /NOLOGO kernel32.lib user32.lib gdi32.lib winspool.lib comdlg32.lib advapi32.lib shell32.lib ole32.lib oleaut32.lib uuid.lib odbc32.lib odbccp32.lib /MANIFEST /MANIFESTUAC:"level='asInvoker' uiAccess='false'" /manifest:embed /DEBUG /PDB:"E:\Projects\Kernighan\Kernighan_5_19\Debug\Kernighan_5_19.pdb" /SUBSYSTEM:CONSOLE /TLBID:1 /DYNAMICBASE /NXCOMPAT /IMPLIB:"E:\Projects\Kernighan\Kernighan_5_19\Debug\Kernighan_5_19.lib" /MACHINE:X86 Debug\Kernighan_5_19.obj
         Kernighan_5_19.vcxproj -> E:\Projects\Kernighan\Kernighan_5_19\Debug\Kernighan_5_19.exe
     1>Done Building Project "E:\Projects\Kernighan\Kernighan_5_19\Kernighan_5_19\Kernighan_5_19.vcxproj" (Build target(s)).

Build succeeded.

Time Elapsed 00:00:01.56
